<?xml version="1.0" encoding="utf-8"?><testsuites name="pytest tests"><testsuite name="pytest" errors="0" failures="0" skipped="0" tests="642" time="19.480" timestamp="2026-09-18T03:04:01.557781-07:00" hostname="htch-runtime"><testcase classname="tests.test_blackboard.BlackboardCase" name="test_builtin_loops_still_work" time="1.803" /><testcase classname="tests.test_blackboard.BlackboardCase" name="test_check_accepts_any_loop" time="0.183" /><testcase classname="tests.test_blackboard.BlackboardCase" name="test_invented_metric_and_unavailable_review_do_not_ship" time="0.819" /><testcase classname="tests.test_blackboard.BlackboardCase" name="test_lease_enforcement_across_loop_kinds" time="1.197" /><testcase classname="tests.test_blackboard.BlackboardCase" name="test_register_builtin_and_duplicate_fail" time="0.721" /><testcase classname="tests.test_blackboard.BlackboardCase" name="test_register_publish_claim_ship_roundtrip" time="0.796" /><testcase classname="tests.test_blackboard.BlackboardCase" name="test_unregistered_loop_rejected_cleanly" time="0.683" /><testcase classname="tests.test_cost_model" name="test_import_exposes_public_api" time="0.001" /><testcase classname="tests.test_cost_model" name="test_attribution_browser_fixture" time="0.001" /><testcase classname="tests.test_cost_model" name="test_attribution_api_direct_metered_zero" time="0.001" /><testcase classname="tests.test_cost_model" name="test_unmetered_row_never_zero" time="0.001" /><testcase classname="tests.test_cost_model" name="test_no_submitted_timestamp_fails_closed" time="0.007" /><testcase classname="tests.test_cost_model" name="test_stamp_row_additive_only" time="0.001" /><testcase classname="tests.test_cost_model" name="test_trend_verdict_directions" time="0.000" /><testcase classname="tests.test_cost_model" name="test_compounding_verdict_strict" time="0.001" /><testcase classname="tests.test_cost_model" name="test_composite_weights" time="0.000" /><testcase classname="tests.test_cost_tracker" name="test_import_exposes_public_api" time="0.001" /><testcase classname="tests.test_cost_tracker" name="test_composite_units_metered_and_unmetered" time="0.001" /><testcase classname="tests.test_cost_tracker" name="test_bucket_rows_explicit_gaps" time="0.001" /><testcase classname="tests.test_cost_tracker" name="test_bucket_rows_undated_rows_reported" time="0.001" /><testcase classname="tests.test_cost_tracker" name="test_trend_verdict_compounding_and_efficiency" time="0.001" /><testcase classname="tests.test_cost_tracker" name="test_trend_verdict_insufficient_and_rising" time="0.000" /><testcase classname="tests.test_cost_tracker" name="test_build_series_reads_ledger" time="0.003" /><testcase classname="tests.test_cost_tracker" name="test_build_series_empty_ledger" time="0.003" /><testcase classname="tests.test_evidence_gate.LoadLedgerTest" name="test_applications_form" time="0.003" /><testcase classname="tests.test_evidence_gate.LoadLedgerTest" name="test_invalid_json_is_reported" time="0.002" /><testcase classname="tests.test_evidence_gate.LoadLedgerTest" name="test_list_form" time="0.002" /><testcase classname="tests.test_evidence_gate.LoadLedgerTest" name="test_missing_file_returns_empty" time="0.001" /><testcase classname="tests.test_evidence_gate.LoadLedgerTest" name="test_rows_form" time="0.001" /><testcase classname="tests.test_evidence_gate.SubmittedRowsTest" name="test_picks_submitted_only" time="0.001" /><testcase classname="tests.test_evidence_gate.DecisionRoundTripTest" name="test_load_missing_returns_empty" time="0.001" /><testcase classname="tests.test_evidence_gate.DecisionRoundTripTest" name="test_record_and_load" time="0.006" /><testcase classname="tests.test_evidence_gate.CoverageTest" name="test_missing_events_file_all_unevidenced" time="0.001" /><testcase classname="tests.test_evidence_gate.CoverageTest" name="test_quote_outside_window_is_not_verified" time="0.001" /><testcase classname="tests.test_evidence_gate.CoverageTest" name="test_verified_pending_unevidenced" time="0.001" /><testcase classname="tests.test_evidence_gate.ConstantsTest" name="test_status_vocabulary" time="0.001" /><testcase classname="tests.test_extended_regressions.PassiveFormTests" name="test_dynamic_form_does_not_claim_completeness" time="0.001" /><testcase classname="tests.test_extended_regressions.PassiveFormTests" name="test_form_control_limit" time="0.004" /><testcase classname="tests.test_extended_regressions.PassiveFormTests" name="test_generic_probe_is_used_outside_known_exact_hosts" time="0.004" /><testcase classname="tests.test_extended_regressions.PassiveFormTests" name="test_labels_options_and_required_controls_without_values" time="0.001" /><testcase classname="tests.test_extended_regressions.OutcomeValidationTests" name="test_ambiguous_company_response_stays_unlinked" time="0.001" /><testcase classname="tests.test_extended_regressions.OutcomeValidationTests" name="test_impossible_dates_unknown_outcomes_and_nonfinite_scores_rejected" time="0.005" /><testcase classname="tests.test_extended_regressions.OutcomeValidationTests" name="test_response_before_application_stays_unlinked" time="0.001" /><testcase classname="tests.test_extended_regressions.OutcomeValidationTests" name="test_telemetry_disabled_does_not_claim_durable_write" time="0.001" /><testcase classname="tests.test_extended_regressions.TransportTests" name="test_body_limit_without_content_length" time="0.002" /><testcase classname="tests.test_extended_regressions.TransportTests" name="test_oversize_length_and_compression_refused" time="0.005" /><testcase classname="tests.test_extended_regressions.TransportTests" name="test_transport_connects_to_checked_address" time="0.002" /><testcase classname="tests.test_extended_regressions.PackagingTests" name="test_reproducible_archive_manifest_and_runtime_exclusion" time="0.017" /><testcase classname="tests.test_extended_regressions.PackagingTests" name="test_symlink_not_packaged" time="0.010" /><testcase classname="tests.test_extended_regressions.FinalBoundaryTests" name="test_budget_counts_wrapped_claims_and_ignores_similar_employer_name" time="0.006" /><testcase classname="tests.test_extended_regressions.FinalBoundaryTests" name="test_failed_form_screen_remains_verification_work" time="0.001" /><testcase classname="tests.test_extended_regressions.FinalBoundaryTests" name="test_http429_prevents_following_host_request" time="0.004" /><testcase classname="tests.test_extended_regressions.FinalBoundaryTests" name="test_stale_queue_snapshot_refuses_all_changes" time="0.008" /><testcase classname="tests.test_extended_regressions.FinalBoundaryTests" name="test_text_bundle_validates_before_extracting" time="0.008" /><testcase classname="tests.test_fanout_gate.FanoutGateCase" name="test_contention_window_returns_four_tuple" time="0.014" /><testcase classname="tests.test_fanout_gate.FanoutGateCase" name="test_derivation_delta_alone_never_fans_out" time="0.009" /><testcase classname="tests.test_fanout_gate.FanoutGateCase" name="test_empty_pool_never_drought" time="0.006" /><testcase classname="tests.test_fanout_gate.FanoutGateCase" name="test_no_signal_counts_up_to_trip" time="0.007" /><testcase classname="tests.test_fanout_gate.FanoutGateCase" name="test_other_source_gate_cleared_does_not_reset_drought" time="0.009" /><testcase classname="tests.test_fanout_gate.FanoutGateCase" name="test_other_source_scan_summary_does_not_reset_drought" time="0.007" /><testcase classname="tests.test_fanout_gate.FanoutGateCase" name="test_other_source_verifications_do_not_reset_drought" time="0.006" /><testcase classname="tests.test_fanout_gate.FanoutGateCase" name="test_pre_split_summary_without_new_keys_never_fans_out" time="0.006" /><testcase classname="tests.test_fanout_gate.FanoutGateCase" name="test_short_window_carries_counter" time="0.006" /><testcase classname="tests.test_fanout_gate.FanoutGateCase" name="test_stale_events_outside_window_ignored" time="0.006" /><testcase classname="tests.test_fanout_gate.FanoutGateCase" name="test_stale_scan_summary_outside_window_ignored" time="0.007" /><testcase classname="tests.test_fanout_gate.FanoutGateCase" name="test_true_concurrent_mutation_burst_fans_out" time="0.007" /><testcase classname="tests.test_fanout_gate.FanoutGateCase" name="test_verify_retry_lead_verified_resets_drought" time="0.006" /><testcase classname="tests.test_fanout_gate.FanoutGateCase" name="test_verify_retry_promotions_reset_drought" time="0.009" /><testcase classname="tests.test_fanout_gate.FanoutGateCase" name="test_verify_retry_scan_summary_resets_drought" time="0.006" /><testcase classname="tests.test_fanout_gate.ReadyFloorCase" name="test_above_floor_no_breach" time="0.006" /><testcase classname="tests.test_fanout_gate.ReadyFloorCase" name="test_at_floor_no_breach" time="0.006" /><testcase classname="tests.test_fanout_gate.ReadyFloorCase" name="test_floor_bypass_prefilter_on_unchanged_files" time="0.008" /><testcase classname="tests.test_fanout_gate.ReadyFloorCase" name="test_four_ready_breaches" time="0.005" /><testcase classname="tests.test_fanout_gate.ReadyFloorCase" name="test_garbage_ready_fails_toward_breach" time="0.006" /><testcase classname="tests.test_fanout_gate.ReadyFloorCase" name="test_zero_ready_breaches" time="0.006" /><testcase classname="tests.test_flow" name="test_full_report_reduces_nominal_five_to_one_without_mutation" time="0.005" /><testcase classname="tests.test_flow" name="test_bad_export_cannot_propose_discovery_or_ask_questions[stale]" time="0.003" /><testcase classname="tests.test_flow" name="test_bad_export_cannot_propose_discovery_or_ask_questions[future]" time="0.003" /><testcase classname="tests.test_flow" name="test_bad_export_cannot_propose_discovery_or_ask_questions[partial]" time="0.003" /><testcase classname="tests.test_flow" name="test_bad_export_cannot_propose_discovery_or_ask_questions[history]" time="0.003" /><testcase classname="tests.test_flow" name="test_bad_export_cannot_propose_discovery_or_ask_questions[ready_conflict]" time="0.004" /><testcase classname="tests.test_flow" name="test_ready_gates_join_across_contracts[fit]" time="0.003" /><testcase classname="tests.test_flow" name="test_ready_gates_join_across_contracts[duplicate]" time="0.003" /><testcase classname="tests.test_flow" name="test_ready_gates_join_across_contracts[consent]" time="0.003" /><testcase classname="tests.test_flow" name="test_ready_gates_join_across_contracts[stale]" time="0.003" /><testcase classname="tests.test_flow" name="test_ready_gates_join_across_contracts[packet]" time="0.003" /><testcase classname="tests.test_flow" name="test_ready_gates_join_across_contracts[unmapped_attempt]" time="0.003" /><testcase classname="tests.test_flow" name="test_question_gate_conflicts_reject_export" time="0.002" /><testcase classname="tests.test_flow" name="test_bridge_freshness_uses_actual_both_implementations[0-HEALTHY]" time="0.001" /><testcase classname="tests.test_flow" name="test_bridge_freshness_uses_actual_both_implementations[90-HEALTHY]" time="0.001" /><testcase classname="tests.test_flow" name="test_bridge_freshness_uses_actual_both_implementations[91-UNVERIFIED]" time="0.001" /><testcase classname="tests.test_flow" name="test_bridge_freshness_uses_actual_both_implementations[-1-UNVERIFIED]" time="0.001" /><testcase classname="tests.test_flow" name="test_bridge_full_count_grid_and_missing_observations" time="0.001" /><testcase classname="tests.test_flow" name="test_prediction_accounts_for_cooldown_verification_and_preparation" time="0.000" /><testcase classname="tests.test_flow" name="test_late_second_refill_detects_intermittent_starvation" time="0.029" /><testcase classname="tests.test_flow" name="test_sufficient_early_refill_is_conditional_coverage" time="0.001" /><testcase classname="tests.test_flow" name="test_unmeasured_capacity_never_borrows_starved_recent_rate[measurement0]" time="0.003" /><testcase classname="tests.test_flow" name="test_unmeasured_capacity_never_borrows_starved_recent_rate[measurement1]" time="0.001" /><testcase classname="tests.test_flow" name="test_unmeasured_capacity_never_borrows_starved_recent_rate[measurement2]" time="0.001" /><testcase classname="tests.test_flow" name="test_missing_replacements_and_pause_are_distinct" time="0.001" /><testcase classname="tests.test_flow" name="test_duplicate_refill_batches_rejected" time="0.001" /><testcase classname="tests.test_flow" name="test_release_roles_cannot_be_counted_under_two_different_batches" time="0.001" /><testcase classname="tests.test_flow" name="test_release_count_and_members_must_agree" time="0.001" /><testcase classname="tests.test_flow" name="test_ready_inventory_not_also_counted_as_future_supply" time="0.004" /><testcase classname="tests.test_flow" name="test_future_supply_must_preserve_held_and_unqualified_roles[change0]" time="0.002" /><testcase classname="tests.test_flow" name="test_future_supply_must_preserve_held_and_unqualified_roles[change1]" time="0.004" /><testcase classname="tests.test_flow" name="test_future_supply_must_preserve_held_and_unqualified_roles[change2]" time="0.002" /><testcase classname="tests.test_flow" name="test_unknown_forecast_is_an_actionable_measurement_gap" time="0.003" /><testcase classname="tests.test_flow" name="test_hold_decision_is_bound_and_never_releases" time="0.001" /><testcase classname="tests.test_flow" name="test_consent_hold_requires_reply_even_after_release_proposal" time="0.001" /><testcase classname="tests.test_flow" name="test_unowned_and_repeated_holds_get_concrete_actions" time="0.002" /><testcase classname="tests.test_flow" name="test_conflicting_reviews_never_choose_a_winner" time="0.005" /><testcase classname="tests.test_flow" name="test_missing_owner_is_not_silently_defaulted" time="0.001" /><testcase classname="tests.test_flow" name="test_discovery_budget_and_employer_group_cap_are_conserved[0]" time="0.003" /><testcase classname="tests.test_flow" name="test_discovery_budget_and_employer_group_cap_are_conserved[1]" time="0.004" /><testcase classname="tests.test_flow" name="test_discovery_budget_and_employer_group_cap_are_conserved[3]" time="0.001" /><testcase classname="tests.test_flow" name="test_discovery_budget_and_employer_group_cap_are_conserved[30]" time="0.003" /><testcase classname="tests.test_flow" name="test_discovery_budget_and_employer_group_cap_are_conserved[239]" time="0.003" /><testcase classname="tests.test_flow" name="test_discovery_budget_and_employer_group_cap_are_conserved[240]" time="0.003" /><testcase classname="tests.test_flow" name="test_discovery_exploration_bounded_and_zero_yield_not_invented" time="0.002" /><testcase classname="tests.test_flow" name="test_rate_hold_stops_all_discovery_proposals[change0]" time="0.001" /><testcase classname="tests.test_flow" name="test_rate_hold_stops_all_discovery_proposals[change1]" time="0.001" /><testcase classname="tests.test_flow" name="test_discovery_excludes_stale_incomplete_and_unpermitted_sources" time="0.002" /><testcase classname="tests.test_flow" name="test_discovery_requires_exact_fit_floor" time="0.000" /><testcase classname="tests.test_flow" name="test_low_sample_yield_is_not_overconfident" time="0.004" /><testcase classname="tests.test_flow" name="test_questions_do_not_double_count_multi_question_unlocks" time="0.001" /><testcase classname="tests.test_flow" name="test_consent_quarantine_never_surfaces_disputed_yes" time="0.003" /><testcase classname="tests.test_flow" name="test_question_grouping_preserves_employer_scope" time="0.001" /><testcase classname="tests.test_flow" name="test_question_deadline_and_other_gates_remove_false_unlocks" time="0.001" /><testcase classname="tests.test_flow" name="test_attempt_identity_and_content_binding" time="0.001" /><testcase classname="tests.test_flow" name="test_replay_identical_event_ignored_and_unknown_stays_held" time="0.001" /><testcase classname="tests.test_flow" name="test_cancelled_before_dispatch_not_counted_as_unresolved" time="0.001" /><testcase classname="tests.test_flow" name="test_cancelled_after_unknown_cannot_clear_hold" time="0.001" /><testcase classname="tests.test_flow" name="test_confirmation_report_is_not_provider_acceptance" time="0.003" /><testcase classname="tests.test_flow" name="test_invalid_retry_after_unknown_detected_by_both_packages" time="0.001" /><testcase classname="tests.test_flow" name="test_multiple_unresolved_attempts_flag_application" time="0.003" /><testcase classname="tests.test_flow" name="test_attempt_export_gaps_are_visible[gap-SEQUENCE_GAP]" time="0.001" /><testcase classname="tests.test_flow" name="test_attempt_export_gaps_are_visible[clock-CLOCK_ORDER_CONFLICT]" time="0.005" /><testcase classname="tests.test_flow" name="test_attempt_export_gaps_are_visible[missing-MISSING_INITIAL_INTENT]" time="0.004" /><testcase classname="tests.test_flow" name="test_intent_durably_uses_real_existing_logger_and_replay_rules" time="0.011" /><testcase classname="tests.test_flow" name="test_logger_acknowledgment_and_write_failure_propagate" time="0.002" /><testcase classname="tests.test_flow" name="test_cohorts_exclude_immature_unconfirmed_and_incomplete_followup" time="0.001" /><testcase classname="tests.test_flow" name="test_outcomes_after_fixed_window_not_credited_to_short_horizon" time="0.000" /><testcase classname="tests.test_flow" name="test_reused_submission_evidence_not_counted_twice" time="0.001" /><testcase classname="tests.test_flow" name="test_source_and_fit_cohorts_separated" time="0.001" /><testcase classname="tests.test_flow" name="test_outcomes_require_evidence_and_valid_observation_window" time="0.001" /><testcase classname="tests.test_flow" name="test_cli_json_markdown_and_exclusive_output" time="0.017" /><testcase classname="tests.test_flow" name="test_cli_invalid_input_creates_no_report[{&quot;schema_version&quot;:1,&quot;schema_version&quot;:1}]" time="0.004" /><testcase classname="tests.test_flow" name="test_cli_invalid_input_creates_no_report[{&quot;x&quot;:NaN}]" time="0.004" /><testcase classname="tests.test_flow" name="test_cli_invalid_input_creates_no_report[{&quot;x&quot;:1e999}]" time="0.004" /><testcase classname="tests.test_flow" name="test_cli_invalid_input_creates_no_report[[]]" time="0.004" /><testcase classname="tests.test_ingest_envelope" name="test_a_unknown_ats_fails_one_attempt_closed" time="0.003" /><testcase classname="tests.test_ingest_envelope" name="test_b_invalid_attempt_still_rejected_and_loop_continues" time="0.002" /><testcase classname="tests.test_input_resolution_port.DedupTest" name="test_decision_prompt_uses_applicant_language" time="0.006" /><testcase classname="tests.test_input_resolution_port.DedupTest" name="test_portable_family_collapses" time="0.001" /><testcase classname="tests.test_input_resolution_port.DedupTest" name="test_resolved_never_enters_families" time="0.001" /><testcase classname="tests.test_input_resolution_port.DedupTest" name="test_unknown_family_never_collapses" time="0.001" /><testcase classname="tests.test_input_resolution_port.MetricsTest" name="test_optimization_entry_is_draft" time="0.001" /><testcase classname="tests.test_input_resolution_port.MetricsTest" name="test_tap_list_counts_applicant_families_once" time="0.001" /><testcase classname="tests.test_input_resolution_port.ApplyHelpersTest" name="test_blocker_raws_skips_bookkeeping" time="0.001" /><testcase classname="tests.test_input_resolution_port.ApplyHelpersTest" name="test_family_entry_format" time="0.001" /><testcase classname="tests.test_input_resolution_port.ApplyHelpersTest" name="test_portable_families_constant" time="0.001" /><testcase classname="tests.test_input_resolution_port.ApplyHelpersTest" name="test_qn_with_notes_list_field_preserved" time="0.001" /><testcase classname="tests.test_input_resolution_port.ApplyHelpersTest" name="test_qn_with_notes_string_field" time="0.001" /><testcase classname="tests.test_input_resolution_port.ApplyHelpersTest" name="test_tray_key_stable" time="0.001" /><testcase classname="tests.test_input_resolution_port.DryRunFixturesTest" name="test_needs_input_statuses_generic" time="0.001" /><testcase classname="tests.test_input_resolution_port.DryRunFixturesTest" name="test_no_real_personal_data" time="0.001" /><testcase classname="tests.test_input_resolution_port.RecoverWatermarkTest" name="test_dry_run_drops_nothing_but_reports" time="0.001" /><testcase classname="tests.test_input_resolution_port.RecoverWatermarkTest" name="test_live_repair_backups_and_writes" time="0.003" /><testcase classname="tests.test_input_resolution_port.LearningLeakAuditTest" name="test_capture_math" time="0.003" /><testcase classname="tests.test_input_resolution_port.LearningLeakAuditTest" name="test_empty_pool_is_full_capture" time="0.001" /><testcase classname="tests.test_input_resolution_port.LearningLeakAuditTest" name="test_no_technique_library_reference" time="0.002" /><testcase classname="tests.test_input_resolution_port.PreferencesContractTest" name="test_applicant_families_exposed" time="0.001" /><testcase classname="tests.test_launch_lock_x20" name="test_atomic_acquire_single_winner" time="0.051" /><testcase classname="tests.test_launch_lock_x20" name="test_reacquire_idempotent" time="0.028" /><testcase classname="tests.test_launch_lock_x20" name="test_stale_lock_takeover" time="0.045" /><testcase classname="tests.test_launch_lock_x20" name="test_release_owner_and_stranger" time="0.037" /><testcase classname="tests.test_launch_lock_x20" name="test_guard_go" time="0.013" /><testcase classname="tests.test_launch_lock_x20" name="test_guard_already_submitted" time="0.004" /><testcase classname="tests.test_launch_lock_x20" name="test_guard_twin_submitted" time="0.004" /><testcase classname="tests.test_launch_lock_x20" name="test_guard_held" time="0.008" /><testcase classname="tests.test_launch_lock_x20" name="test_guard_distinct_role_same_company_goes" time="0.041" /><testcase classname="tests.test_loop_watchdog" name="test_footer_parsed_and_latest_wins" time="0.022" /><testcase classname="tests.test_loop_watchdog" name="test_untriaged_counts_only_drafts_without_verdict" time="0.012" /><testcase classname="tests.test_loop_watchdog" name="test_missing_file_returns_sentinel" time="0.007" /><testcase classname="tests.test_mine_learnings" name="test_a_junk_theme_filtered" time="0.019" /><testcase classname="tests.test_mine_learnings" name="test_a_designed_sink_gate_killed" time="0.008" /><testcase classname="tests.test_mine_learnings" name="test_a_specific_theme_still_drafts" time="0.007" /><testcase classname="tests.test_mine_learnings" name="test_b_already_drafted_class_skipped" time="0.002" /><testcase classname="tests.test_mine_learnings" name="test_b_new_fingerprint_line_dedupes" time="0.007" /><testcase classname="tests.test_mine_learnings" name="test_c_novel_class_drafts" time="0.017" /><testcase classname="tests.test_mine_learnings" name="test_c_novel_error_drafts" time="0.006" /><testcase classname="tests.test_operator_workflow.OperatorTests" name="test_cli_role_cannot_confirm_on_behalf_of_applicant" time="0.555" /><testcase classname="tests.test_operator_workflow.OperatorTests" name="test_dashboard_escapes_all_untrusted_labels_and_dates" time="1.095" /><testcase classname="tests.test_operator_workflow.OperatorTests" name="test_duplicate_identity_reported" time="0.524" /><testcase classname="tests.test_operator_workflow.OperatorTests" name="test_import_does_not_write_dashboard" time="0.006" /><testcase classname="tests.test_operator_workflow.OperatorTests" name="test_init_confirm_doctor_dashboard_roundtrip" time="2.233" /><testcase classname="tests.test_operator_workflow.OperatorTests" name="test_missing_and_corrupt_data_are_unknown_not_zero" time="0.203" /><testcase classname="tests.test_operator_workflow.OperatorTests" name="test_reinitialize_preserves_answers_and_rejects_corruption" time="0.712" /><testcase classname="tests.test_operator_workflow.AsyncTests" name="test_async_batch_is_bounded" time="0.002" /><testcase classname="tests.test_operator_workflow.AsyncTests" name="test_async_reads_use_the_checked_transport" time="0.180" /><testcase classname="tests.test_operator_workflow.AsyncTests" name="test_batch_cannot_silently_overwrite_duplicate_roles" time="0.003" /><testcase classname="tests.test_operator_workflow.ProcessRecoveryTests" name="test_process_death_releases_storage_lock" time="0.022" /><testcase classname="tests.test_operator_workflow.ProcessRecoveryTests" name="test_twenty_processes_have_one_lease_winner" time="0.165" /><testcase classname="tests.test_pool_supply.PoolGuardianContractTests" name="test_constants_unchanged" time="0.002" /><testcase classname="tests.test_pool_supply.PoolGuardianContractTests" name="test_empty_low_pool_preserves_message" time="0.003" /><testcase classname="tests.test_pool_supply.PoolGuardianContractTests" name="test_freshness_boundary" time="0.001" /><testcase classname="tests.test_pool_supply.PoolGuardianContractTests" name="test_healthy_iff_buffer_and_actionable" time="0.004" /><testcase classname="tests.test_pool_supply.PoolGuardianContractTests" name="test_invalid_counts_never_healthy" time="0.011" /><testcase classname="tests.test_pool_supply.PoolGuardianContractTests" name="test_naive_now_refused" time="0.001" /><testcase classname="tests.test_pool_supply.PoolGuardianContractTests" name="test_refill_planner_exposes_covered_empty_supply" time="0.002" /><testcase classname="tests.test_pool_supply.PoolGuardianContractTests" name="test_reported_regression" time="0.001" /><testcase classname="tests.test_pool_supply.PoolGuardianContractTests" name="test_running_verifier_prevents_second_spawn" time="0.001" /><testcase classname="tests.test_pool_supply.PoolGuardianContractTests" name="test_stale_future_naive_and_missing_observations" time="0.003" /><testcase classname="tests.test_pool_supply.PoolGuardianContractTests" name="test_throttle_boundary" time="0.001" /><testcase classname="tests.test_pool_supply.HealthObserverTests" name="test_conflicting_counts_cannot_claim_healthy" time="0.001" /><testcase classname="tests.test_pool_supply.HealthObserverTests" name="test_existing_event_log_is_appended_not_rewritten" time="0.005" /><testcase classname="tests.test_pool_supply.HealthObserverTests" name="test_failed_append_does_not_advance_watermark" time="0.001" /><testcase classname="tests.test_pool_supply.HealthObserverTests" name="test_missing_acknowledgement_not_claimed" time="0.001" /><testcase classname="tests.test_pool_supply.HealthObserverTests" name="test_old_healthy_event_becomes_unverified" time="0.001" /><testcase classname="tests.test_pool_supply.HealthObserverTests" name="test_transition_heartbeat_and_recovery" time="0.001" /><testcase classname="tests.test_pool_supply.HealthObserverTests" name="test_wrong_source_and_schema_are_unverified" time="0.001" /><testcase classname="tests.test_pool_supply.PulseIntegrationTests" name="test_full_starved_buffer_bypasses_unchanged_file_shortcut" time="0.013" /><testcase classname="tests.test_pool_supply.PulseIntegrationTests" name="test_healthy_unchanged_pool_can_stay_quiet" time="0.012" /><testcase classname="tests.test_pool_supply.PulseIntegrationTests" name="test_missing_health_is_visible_even_if_counts_unchanged" time="0.012" /><testcase classname="tests.test_pool_supply.PulseIntegrationTests" name="test_snapshot_consumes_health_event_without_changing_pinned_counts" time="0.007" /><testcase classname="tests.test_pool_supply.SupplyAuditTests" name="test_absent_attempt_differs_from_explicit_never_attempted" time="0.001" /><testcase classname="tests.test_pool_supply.SupplyAuditTests" name="test_consent_and_operator_holds_cannot_be_cleared_by_liveness" time="0.001" /><testcase classname="tests.test_pool_supply.SupplyAuditTests" name="test_cooldown_exact_expiry_is_eligible" time="0.001" /><testcase classname="tests.test_pool_supply.SupplyAuditTests" name="test_cooldown_releases_sorted_and_quantified" time="0.001" /><testcase classname="tests.test_pool_supply.SupplyAuditTests" name="test_duplicate_rows_cannot_inflate_supply" time="0.001" /><testcase classname="tests.test_pool_supply.SupplyAuditTests" name="test_extreme_hours_cannot_crash_audit" time="0.001" /><testcase classname="tests.test_pool_supply.SupplyAuditTests" name="test_incomplete_export_never_claims_exact_pool_health" time="0.001" /><testcase classname="tests.test_pool_supply.SupplyAuditTests" name="test_jitter_overshoot_and_unquantized_windows_flagged" time="0.001" /><testcase classname="tests.test_pool_supply.SupplyAuditTests" name="test_known_actionable_is_not_ready_promotion" time="0.001" /><testcase classname="tests.test_pool_supply.SupplyAuditTests" name="test_low_fit_gate_preserved" time="0.001" /><testcase classname="tests.test_pool_supply.SupplyAuditTests" name="test_missing_structural_rule_evidence_is_visible" time="0.001" /><testcase classname="tests.test_pool_supply.SupplyAuditTests" name="test_naive_future_malformed_attempts_require_review" time="0.001" /><testcase classname="tests.test_pool_supply.SupplyAuditTests" name="test_no_input_mutation" time="0.001" /><testcase classname="tests.test_pool_supply.SupplyAuditTests" name="test_nonpending_materials_pool_is_not_replayed" time="0.001" /><testcase classname="tests.test_pool_supply.SupplyAuditTests" name="test_reported_cooldown_or_deadline_mismatch_flagged" time="0.001" /><testcase classname="tests.test_pool_supply.SupplyAuditTests" name="test_same_instant_comparison_avoids_boundary_false_alarm" time="0.001" /><testcase classname="tests.test_pool_supply.SupplyAuditTests" name="test_stale_export_keeps_historical_state_separate" time="0.001" /><testcase classname="tests.test_pool_supply.SupplyAuditTests" name="test_structural_holds_retained_even_with_conflict" time="0.001" /><testcase classname="tests.test_pool_supply.SupplyAuditTests" name="test_unknown_contract_fields_never_supply" time="0.001" /><testcase classname="tests.test_pool_supply.TrayAuditTests" name="test_bank_values_are_never_exported_or_authorized" time="0.001" /><testcase classname="tests.test_pool_supply.TrayAuditTests" name="test_cannot_silently_merge_a_quarantined_question" time="0.001" /><testcase classname="tests.test_pool_supply.TrayAuditTests" name="test_different_employer_scope_or_options_not_merged" time="0.001" /><testcase classname="tests.test_pool_supply.TrayAuditTests" name="test_exact_same_scope_deduplicates_without_resolution" time="0.001" /><testcase classname="tests.test_pool_supply.TrayAuditTests" name="test_missing_scope_and_duplicate_ids_fail_closed" time="0.001" /><testcase classname="tests.test_pool_supply.TrayAuditTests" name="test_stripe_whatsapp_quarantine_discards_yes_candidate" time="0.001" /><testcase classname="tests.test_pool_supply.GuardianPatchProposalTests" name="test_crlf_input_preserved" time="0.003" /><testcase classname="tests.test_pool_supply.GuardianPatchProposalTests" name="test_exact_reported_source_patch_preserves_other_decisions" time="0.004" /><testcase classname="tests.test_pool_supply.GuardianPatchProposalTests" name="test_unknown_or_already_patched_source_refused" time="0.003" /><testcase classname="tests.test_preferences.TestPreferences" name="test_applicant_only_families_never_auto_resolve" time="0.001" /><testcase classname="tests.test_preferences.TestPreferences" name="test_blocker_consumes_preferences_module" time="0.001" /><testcase classname="tests.test_preferences.TestPreferences" name="test_check_07_applicant_only_family_survives" time="0.002" /><testcase classname="tests.test_preferences.TestPreferences" name="test_exceptions_beat_scope" time="0.001" /><testcase classname="tests.test_preferences.TestPreferences" name="test_expired_preference_fails_closed" time="0.001" /><testcase classname="tests.test_preferences.TestPreferences" name="test_import_exposes_public_api" time="0.001" /><testcase classname="tests.test_preferences.TestPreferences" name="test_match_most_specific_scope_wins" time="0.001" /><testcase classname="tests.test_preferences.TestPreferences" name="test_no_personal_identifiers_in_sources" time="0.002" /><testcase classname="tests.test_preferences.TestPreferences" name="test_seed_is_example_only" time="0.001" /><testcase classname="tests.test_prescreen.TestScreenPacket" name="test_clean_packet_passes" time="0.002" /><testcase classname="tests.test_prescreen.TestScreenPacket" name="test_company_fallback_from_brief_target_line" time="0.001" /><testcase classname="tests.test_prescreen.TestScreenPacket" name="test_empty_company_matches_no_employer_pattern" time="0.001" /><testcase classname="tests.test_prescreen.TestScreenPacket" name="test_essay_gate_parks" time="0.001" /><testcase classname="tests.test_prescreen.TestScreenPacket" name="test_fleetio_unmapped_screeners_park" time="0.002" /><testcase classname="tests.test_prescreen.TestScreenPacket" name="test_openai_ashby_pattern_parks_without_intel" time="0.001" /><testcase classname="tests.test_prescreen.TestScreenPacket" name="test_scale_ai_office_3x_week_parks" time="0.001" /><testcase classname="tests.test_prescreen.TestScreenPacket" name="test_snorkel_relocation_hybrid_parks" time="0.001" /><testcase classname="tests.test_prescreen.TestScreenPacket" name="test_template_gates_do_not_false_positive" time="0.001" /><testcase classname="tests.test_prescreen.TestParkLead" name="test_missing_lead_no_mutation" time="0.004" /><testcase classname="tests.test_prescreen.TestParkLead" name="test_stale_status_reason_overwritten" time="0.012" /><testcase classname="tests.test_security_boundaries.NetworkBoundaryTests" name="test_every_private_address_class_is_refused" time="0.006" /><testcase classname="tests.test_security_boundaries.NetworkBoundaryTests" name="test_mixed_public_private_dns_refused" time="0.003" /><testcase classname="tests.test_security_boundaries.NetworkBoundaryTests" name="test_no_post_cookies_or_authorization" time="0.003" /><testcase classname="tests.test_security_boundaries.NetworkBoundaryTests" name="test_no_raw_urllib_fetches_in_bundled_engines" time="0.636" /><testcase classname="tests.test_security_boundaries.NetworkBoundaryTests" name="test_non_https_and_credential_urls_rejected" time="0.005" /><testcase classname="tests.test_security_boundaries.NetworkBoundaryTests" name="test_public_job_identifier_exception_is_exact" time="0.001" /><testcase classname="tests.test_security_boundaries.NetworkBoundaryTests" name="test_redirect_loop_is_bounded" time="0.004" /><testcase classname="tests.test_security_boundaries.NetworkBoundaryTests" name="test_redirect_rechecks_destination_before_second_request" time="0.002" /><testcase classname="tests.test_security_boundaries.NetworkBoundaryTests" name="test_response_and_timeout_limits_validated" time="0.003" /><testcase classname="tests.test_security_boundaries.StorageTests" name="test_all_supported_wrappers_preserve_metadata" time="0.002" /><testcase classname="tests.test_security_boundaries.StorageTests" name="test_atomic_replace_failure_keeps_prior_bytes" time="0.005" /><testcase classname="tests.test_security_boundaries.StorageTests" name="test_contending_threads_do_not_lose_updates" time="0.193" /><testcase classname="tests.test_security_boundaries.StorageTests" name="test_future_and_naive_timestamps_not_fresh" time="0.002" /><testcase classname="tests.test_security_boundaries.StorageTests" name="test_json_duplicate_keys_and_nonfinite_rejected" time="0.001" /><testcase classname="tests.test_security_boundaries.StorageTests" name="test_lock_timeout_and_reentrancy" time="0.038" /><testcase classname="tests.test_security_boundaries.StorageTests" name="test_path_escape_and_external_symlink_rejected" time="0.005" /><testcase classname="tests.test_security_boundaries.LockRegressionTests" name="test_corrupt_ledger_stops_guard" time="0.003" /><testcase classname="tests.test_security_boundaries.LockRegressionTests" name="test_corrupt_lock_is_not_stolen" time="0.008" /><testcase classname="tests.test_security_boundaries.LockRegressionTests" name="test_expired_foreign_owner_cannot_release_new_lease" time="0.012" /><testcase classname="tests.test_security_boundaries.LockRegressionTests" name="test_future_lease_cannot_be_stolen" time="0.010" /><testcase classname="tests.test_security_boundaries.LockRegressionTests" name="test_previous_sanitization_collision_is_removed" time="0.002" /><testcase classname="tests.test_security_boundaries.TelemetryTests" name="test_concurrent_event_records_remain_parseable" time="0.069" /><testcase classname="tests.test_security_boundaries.TelemetryTests" name="test_nested_secrets_redacted" time="0.006" /><testcase classname="tests.test_security_boundaries.TelemetryTests" name="test_nonfinite_values_never_written" time="0.001" /><testcase classname="tests.test_security_boundaries.TelemetryTests" name="test_same_event_id_is_idempotent_and_conflicts_refused" time="0.006" /><testcase classname="tests.test_security_boundaries.TelemetryTests" name="test_submission_is_always_an_unverified_claim" time="0.004" /><testcase classname="tests.test_security_boundaries.EvidenceAndCacheTests" name="test_forged_quotes_flags_and_role_duplicates_never_verified" time="0.004" /><testcase classname="tests.test_security_boundaries.EvidenceAndCacheTests" name="test_invalid_claim_time_has_no_correlation" time="0.003" /><testcase classname="tests.test_security_boundaries.EvidenceAndCacheTests" name="test_live_cache_preserves_url_path_case_and_rejects_future" time="0.005" /><testcase classname="tests.test_security_boundaries.EvidenceAndCacheTests" name="test_missing_capture_hash_or_path_escape_fails" time="0.008" /><testcase classname="tests.test_security_boundaries.PacketTests" name="test_all_input_drift_invalidates_packet" time="0.012" /><testcase classname="tests.test_security_boundaries.PacketTests" name="test_answer_changes_require_new_assertion" time="0.002" /><testcase classname="tests.test_security_boundaries.PacketTests" name="test_boolean_schema_version_rejected" time="0.008" /><testcase classname="tests.test_security_boundaries.PacketTests" name="test_external_material_cannot_be_read" time="0.002" /><testcase classname="tests.test_security_boundaries.PacketTests" name="test_guard_exception_cannot_proceed" time="0.008" /><testcase classname="tests.test_security_boundaries.PacketTests" name="test_out_of_scope_and_expired_assertions_fail" time="0.002" /><testcase classname="tests.test_security_boundaries.PacketTests" name="test_packet_expiry_and_escalated_authority_fail" time="0.006" /><testcase classname="tests.test_security_boundaries.PacketTests" name="test_packet_is_scoped_and_valid" time="0.007" /><testcase classname="tests.test_security_boundaries.PacketTests" name="test_path_traversal_in_role_cannot_choose_filename" time="0.006" /><testcase classname="tests.test_security_boundaries.PacketTests" name="test_prescreen_exception_publishes_no_packet" time="0.008" /><testcase classname="tests.test_security_boundaries.PacketTests" name="test_source_and_attachment_changes_invalidate" time="0.012" /><testcase classname="tests.test_security_boundaries.PacketTests" name="test_template_values_never_pass_with_a_receipt" time="0.002" /><testcase classname="tests.test_shadow_contracts_answers.Contracts" name="test_account_bound_to_release" time="0.001" /><testcase classname="tests.test_shadow_contracts_answers.Contracts" name="test_approved_asset_remains_original_after_same_name_replacement" time="0.005" /><testcase classname="tests.test_shadow_contracts_answers.Contracts" name="test_blob_path_traversal" time="0.001" /><testcase classname="tests.test_shadow_contracts_answers.Contracts" name="test_identity_candidate_employer_separation" time="0.001" /><testcase classname="tests.test_shadow_contracts_answers.Contracts" name="test_integer_exact_type" time="0.000" /><testcase classname="tests.test_shadow_contracts_answers.Contracts" name="test_json_ambiguous_or_nonfinite" time="0.001" /><testcase classname="tests.test_shadow_contracts_answers.Contracts" name="test_malformed_urls" time="0.001" /><testcase classname="tests.test_shadow_contracts_answers.Contracts" name="test_modified_blob_is_rejected" time="0.005" /><testcase classname="tests.test_shadow_contracts_answers.Contracts" name="test_numeric_traps" time="0.002" /><testcase classname="tests.test_shadow_contracts_answers.Contracts" name="test_rights_never_default_cleared" time="0.000" /><testcase classname="tests.test_shadow_contracts_answers.Contracts" name="test_timestamp_requires_zone" time="0.001" /><testcase classname="tests.test_shadow_contracts_answers.Contracts" name="test_version_requires_exact_supported_integer" time="0.001" /><testcase classname="tests.test_shadow_contracts_answers.Answers" name="test_attestation_allowlist_is_required" time="0.001" /><testcase classname="tests.test_shadow_contracts_answers.Answers" name="test_brief_keeps_scope_and_provenance" time="0.001" /><testcase classname="tests.test_shadow_contracts_answers.Answers" name="test_conflicting_answers_abstain" time="0.000" /><testcase classname="tests.test_shadow_contracts_answers.Answers" name="test_employer_scope_never_crosses" time="0.000" /><testcase classname="tests.test_shadow_contracts_answers.Answers" name="test_fact_scope_requires_explicit_global_authority" time="0.001" /><testcase classname="tests.test_shadow_contracts_answers.Answers" name="test_false_consent_is_valid_answer" time="0.001" /><testcase classname="tests.test_shadow_contracts_answers.Answers" name="test_future_expired_and_unverified_records" time="0.001" /><testcase classname="tests.test_shadow_contracts_answers.Answers" name="test_global_consent_quarantined" time="0.000" /><testcase classname="tests.test_shadow_contracts_answers.Answers" name="test_options_bind_question_fingerprint" time="0.000" /><testcase classname="tests.test_shadow_contracts_answers.Answers" name="test_question_and_field_type_must_match" time="0.000" /><testcase classname="tests.test_shadow_contracts_answers.Answers" name="test_resolved_scope_does_not_alias_mutable_bank_record" time="0.001" /><testcase classname="tests.test_shadow_contracts_answers.Answers" name="test_unaided_never_auto_authorized" time="0.000" /><testcase classname="tests.test_shadow_measurement.MeasurementTests" name="test_arbitrary_bucket_label_rejected" time="0.001" /><testcase classname="tests.test_shadow_measurement.MeasurementTests" name="test_correlated_but_caller_constructed_receipt_not_trusted" time="0.000" /><testcase classname="tests.test_shadow_measurement.MeasurementTests" name="test_http200_never_becomes_proof" time="0.000" /><testcase classname="tests.test_shadow_measurement.MeasurementTests" name="test_meter_replays_and_failures_included" time="0.001" /><testcase classname="tests.test_shadow_measurement.MeasurementTests" name="test_partial_sample_not_complete_coverage" time="0.000" /><testcase classname="tests.test_shadow_measurement.MeasurementTests" name="test_proxy_taps_refused" time="0.000" /><testcase classname="tests.test_shadow_measurement.MeasurementTests" name="test_telemetry_one_contribution_per_candidate" time="0.001" /><testcase classname="tests.test_shadow_readiness_operations.ReadinessTests" name="test_api_requires_provider_contract" time="0.001" /><testcase classname="tests.test_shadow_readiness_operations.ReadinessTests" name="test_complete_observation_is_executable_shadow" time="0.001" /><testcase classname="tests.test_shadow_readiness_operations.ReadinessTests" name="test_dependencies_all_invalidate" time="0.002" /><testcase classname="tests.test_shadow_readiness_operations.ReadinessTests" name="test_disjoint_inventory_and_duplicate_ids" time="0.001" /><testcase classname="tests.test_shadow_readiness_operations.ReadinessTests" name="test_expired_approval" time="0.001" /><testcase classname="tests.test_shadow_readiness_operations.ReadinessTests" name="test_malformed_identity_fails_closed_without_crashing_inventory" time="0.001" /><testcase classname="tests.test_shadow_readiness_operations.ReadinessTests" name="test_missing_true_and_false_evidence_fail_closed" time="0.001" /><testcase classname="tests.test_shadow_readiness_operations.ReadinessTests" name="test_nominal_ready_does_not_override_holds" time="0.002" /><testcase classname="tests.test_shadow_readiness_operations.ReadinessTests" name="test_stale_and_future_observation" time="0.001" /><testcase classname="tests.test_shadow_readiness_operations.ReadinessTests" name="test_unknown_schema" time="0.001" /><testcase classname="tests.test_shadow_readiness_operations.ReadinessTests" name="test_wrong_status_token" time="0.005" /><testcase classname="tests.test_shadow_readiness_operations.ControllerTests" name="test_budget_shortfall_explicit" time="0.001" /><testcase classname="tests.test_shadow_readiness_operations.ControllerTests" name="test_invalid_config" time="0.001" /><testcase classname="tests.test_shadow_readiness_operations.ControllerTests" name="test_no_near_zero_division" time="0.001" /><testcase classname="tests.test_shadow_readiness_operations.ControllerTests" name="test_scheduled_pause" time="0.001" /><testcase classname="tests.test_shadow_readiness_operations.ControllerTests" name="test_starved_lane_does_not_collapse_target" time="0.001" /><testcase classname="tests.test_shadow_readiness_operations.ControllerTests" name="test_subtract_wip" time="0.001" /><testcase classname="tests.test_shadow_readiness_operations.ControllerTests" name="test_unmeasured_capacity_does_not_invent_demand_rate" time="0.001" /><testcase classname="tests.test_shadow_readiness_operations.OperationsTests" name="test_buffer_duplicate_and_inflight" time="0.001" /><testcase classname="tests.test_shadow_readiness_operations.OperationsTests" name="test_buffer_orphans_and_false_inflight" time="0.001" /><testcase classname="tests.test_shadow_readiness_operations.OperationsTests" name="test_guard_accepts_structured_go" time="0.001" /><testcase classname="tests.test_shadow_readiness_operations.OperationsTests" name="test_guard_names_holder" time="0.001" /><testcase classname="tests.test_shadow_readiness_operations.OperationsTests" name="test_guard_never_scrapes_go" time="0.001" /><testcase classname="tests.test_shadow_readiness_operations.OperationsTests" name="test_keep_user_takeover_sessions" time="0.001" /><testcase classname="tests.test_shadow_readiness_operations.OperationsTests" name="test_no_model_fallback_is_honest" time="0.000" /><testcase classname="tests.test_shadow_readiness_operations.OperationsTests" name="test_pacific_clock_is_aware" time="0.001" /><testcase classname="tests.test_shadow_readiness_operations.OperationsTests" name="test_queue_shapes" time="0.001" /><testcase classname="tests.test_shadow_readiness_operations.OperationsTests" name="test_scheduler_failure_vs_vanishing" time="0.001" /><testcase classname="tests.test_shadow_readiness_operations.OperationsTests" name="test_url_aliases" time="0.001" /><testcase classname="tests.test_shared_http.SharedHTTPTests" name="test_bool_timeout_is_rejected_before_io" time="0.003" /><testcase classname="tests.test_shared_http.SharedHTTPTests" name="test_corrupt_state_cannot_be_treated_as_empty" time="0.007" /><testcase classname="tests.test_shared_http.SharedHTTPTests" name="test_exited_worker_hold_blocks_next_process_without_dns" time="0.029" /><testcase classname="tests.test_shared_http.SharedHTTPTests" name="test_expired_hold_allows_request" time="0.011" /><testcase classname="tests.test_shared_http.SharedHTTPTests" name="test_failed_cooldown_write_retains_process_hold" time="0.007" /><testcase classname="tests.test_shared_http.SharedHTTPTests" name="test_invalid_expiry_and_schema_fail_closed" time="0.018" /><testcase classname="tests.test_shared_http.SharedHTTPTests" name="test_queued_same_host_request_times_out_without_network" time="0.044" /><testcase classname="tests.test_shared_http.SharedHTTPTests" name="test_resolver_wait_respects_callers_short_budget" time="0.025" /><testcase classname="tests.test_shared_http.SharedHTTPTests" name="test_retry_after_requires_integer_or_date" time="0.005" /><testcase classname="tests.test_shared_http.SharedHTTPTests" name="test_simultaneous_workers_observe_first_429_before_another_request" time="0.065" /><testcase classname="tests.test_shared_http.SharedHTTPTests" name="test_unrepresentably_long_provider_hold_is_not_shortened" time="0.010" /><testcase classname="tests.test_shared_http.SharedHTTPTests" name="test_wrong_host_and_schema_records_deny_admission" time="0.014" /><testcase classname="tests.test_trust_authority" name="test_allowed_view_does_not_disclose_private_fields_or_execute_injected_text" time="0.006" /><testcase classname="tests.test_trust_authority" name="test_invalid_admission_never_even_reads_resource[expired]" time="0.005" /><testcase classname="tests.test_trust_authority" name="test_invalid_admission_never_even_reads_resource[future]" time="0.002" /><testcase classname="tests.test_trust_authority" name="test_invalid_admission_never_even_reads_resource[too_long]" time="0.002" /><testcase classname="tests.test_trust_authority" name="test_invalid_admission_never_even_reads_resource[policy]" time="0.002" /><testcase classname="tests.test_trust_authority" name="test_invalid_admission_never_even_reads_resource[workspace]" time="0.002" /><testcase classname="tests.test_trust_authority" name="test_invalid_admission_never_even_reads_resource[principal]" time="0.003" /><testcase classname="tests.test_trust_authority" name="test_invalid_admission_never_even_reads_resource[resource]" time="0.005" /><testcase classname="tests.test_trust_authority" name="test_invalid_admission_never_even_reads_resource[action]" time="0.003" /><testcase classname="tests.test_trust_authority" name="test_invalid_admission_never_even_reads_resource[request_hash]" time="0.002" /><testcase classname="tests.test_trust_authority" name="test_invalid_admission_never_even_reads_resource[unknown_issuer]" time="0.003" /><testcase classname="tests.test_trust_authority" name="test_invalid_admission_never_even_reads_resource[overshare]" time="0.002" /><testcase classname="tests.test_trust_authority" name="test_invalid_admission_never_even_reads_resource[paused]" time="0.003" /><testcase classname="tests.test_trust_authority" name="test_invalid_admission_never_even_reads_resource[extra_request_field]" time="0.002" /><testcase classname="tests.test_trust_authority" name="test_forged_signature_and_authenticated_identity_are_rejected" time="0.002" /><testcase classname="tests.test_trust_authority" name="test_changed_resource_cannot_reach_handler[revision]" time="0.006" /><testcase classname="tests.test_trust_authority" name="test_changed_resource_cannot_reach_handler[hash]" time="0.003" /><testcase classname="tests.test_trust_authority" name="test_changed_resource_cannot_reach_handler[workspace]" time="0.002" /><testcase classname="tests.test_trust_authority" name="test_changed_resource_cannot_reach_handler[identity]" time="0.003" /><testcase classname="tests.test_trust_authority" name="test_changed_resource_cannot_reach_handler[stale]" time="0.002" /><testcase classname="tests.test_trust_authority" name="test_changed_resource_cannot_reach_handler[future]" time="0.005" /><testcase classname="tests.test_trust_authority" name="test_changed_resource_cannot_reach_handler[missing]" time="0.002" /><testcase classname="tests.test_trust_authority" name="test_canonical_single_use_survives_fresh_gateway_and_concurrent_retries" time="0.046" /><testcase classname="tests.test_trust_authority" name="test_log_failure_prevents_local_handler[raise]" time="0.006" /><testcase classname="tests.test_trust_authority" name="test_log_failure_prevents_local_handler[false]" time="0.003" /><testcase classname="tests.test_trust_authority" name="test_log_failure_prevents_local_handler[unconfirmed]" time="0.003" /><testcase classname="tests.test_trust_authority" name="test_handler_crash_consumes_grant_and_cannot_be_blindly_retried" time="0.005" /><testcase classname="tests.test_trust_authority" name="test_only_explicitly_essential_action_may_run_while_paused" time="0.003" /><testcase classname="tests.test_trust_authority" name="test_verified_review_agreement_still_requires_human_and_never_authorizes_execution" time="0.001" /><testcase classname="tests.test_trust_authority" name="test_review_cannot_turn_assertions_into_quorum[no_keys-MORE_VERIFIED_EVIDENCE_REQUIRED]" time="0.001" /><testcase classname="tests.test_trust_authority" name="test_review_cannot_turn_assertions_into_quorum[changed_subject-MORE_VERIFIED_EVIDENCE_REQUIRED]" time="0.001" /><testcase classname="tests.test_trust_authority" name="test_review_cannot_turn_assertions_into_quorum[forged-MORE_VERIFIED_EVIDENCE_REQUIRED]" time="0.001" /><testcase classname="tests.test_trust_authority" name="test_review_cannot_turn_assertions_into_quorum[expired-CASE_EXPIRED]" time="0.001" /><testcase classname="tests.test_trust_authority" name="test_review_cannot_turn_assertions_into_quorum[owner-ASSIGN_HUMAN_OWNER]" time="0.001" /><testcase classname="tests.test_trust_authority" name="test_review_cannot_turn_assertions_into_quorum[object-DISAGREEMENT_REQUIRES_HUMAN_REVIEW]" time="0.001" /><testcase classname="tests.test_trust_authority" name="test_review_cannot_turn_assertions_into_quorum[insufficient-MORE_VERIFIED_EVIDENCE_REQUIRED]" time="0.001" /><testcase classname="tests.test_trust_authority" name="test_review_cannot_turn_assertions_into_quorum[one_role-PRIMARY_AND_CHALLENGE_REQUIRED]" time="0.003" /><testcase classname="tests.test_trust_authority" name="test_review_cannot_turn_assertions_into_quorum[same_group-SEPARATE_REVIEW_PROVENANCE_REQUIRED]" time="0.001" /><testcase classname="tests.test_trust_authority" name="test_review_cannot_turn_assertions_into_quorum[wrong_scope-MORE_VERIFIED_EVIDENCE_REQUIRED]" time="0.001" /><testcase classname="tests.test_trust_authority" name="test_review_cannot_turn_assertions_into_quorum[future-MORE_VERIFIED_EVIDENCE_REQUIRED]" time="0.001" /><testcase classname="tests.test_trust_authority" name="test_review_cannot_turn_assertions_into_quorum[repeat_identity-REVIEW_IDENTITY_REPEATED]" time="0.001" /><testcase classname="tests.test_trust_evidence" name="test_evidence_reports_basis_without_asserting_truth_or_authority" time="0.002" /><testcase classname="tests.test_trust_evidence" name="test_source_invalidates_every_dependent_material[revision-v2]" time="0.001" /><testcase classname="tests.test_trust_evidence" name="test_source_invalidates_every_dependent_material[content_hash-aaaaaaaaaaaaaaaaaaaaaaaaaaaaaaaaaaaaaaaaaaaaaaaaaaaaaaaaaaaaaaaa]" time="0.001" /><testcase classname="tests.test_trust_evidence" name="test_source_invalidates_every_dependent_material[status-DISPUTED]" time="0.001" /><testcase classname="tests.test_trust_evidence" name="test_source_invalidates_every_dependent_material[status-REVOKED]" time="0.001" /><testcase classname="tests.test_trust_evidence" name="test_source_invalidates_every_dependent_material[expires_at-2026-09-18T12:00:00+00:00]" time="0.001" /><testcase classname="tests.test_trust_evidence" name="test_source_invalidates_every_dependent_material[observed_at-2026-09-18T12:00:01+00:00]" time="0.001" /><testcase classname="tests.test_trust_evidence" name="test_unapproved_claim_or_changed_wording_cannot_reach_materials[review_state-PENDING]" time="0.001" /><testcase classname="tests.test_trust_evidence" name="test_unapproved_claim_or_changed_wording_cannot_reach_materials[review_state-DISPUTED]" time="0.001" /><testcase classname="tests.test_trust_evidence" name="test_unapproved_claim_or_changed_wording_cannot_reach_materials[approval_ref-None]" time="0.001" /><testcase classname="tests.test_trust_evidence" name="test_unapproved_claim_or_changed_wording_cannot_reach_materials[expires_at-2026-09-18T12:00:00+00:00]" time="0.001" /><testcase classname="tests.test_trust_evidence" name="test_unapproved_claim_or_changed_wording_cannot_reach_materials[revision-v2]" time="0.001" /><testcase classname="tests.test_trust_evidence" name="test_unapproved_claim_or_changed_wording_cannot_reach_materials[allowed_scopes-value5]" time="0.001" /><testcase classname="tests.test_trust_evidence" name="test_unapproved_claim_or_changed_wording_cannot_reach_materials[allowed_wording-value6]" time="0.001" /><testcase classname="tests.test_trust_evidence" name="test_export_must_be_current[partial]" time="0.001" /><testcase classname="tests.test_trust_evidence" name="test_export_must_be_current[stale]" time="0.001" /><testcase classname="tests.test_trust_evidence" name="test_export_must_be_current[future]" time="0.003" /><testcase classname="tests.test_trust_evidence" name="test_evidence_contract_refuses_ambiguous_or_cross_workspace_input[source_workspace]" time="0.001" /><testcase classname="tests.test_trust_evidence" name="test_evidence_contract_refuses_ambiguous_or_cross_workspace_input[claim_workspace]" time="0.002" /><testcase classname="tests.test_trust_evidence" name="test_evidence_contract_refuses_ambiguous_or_cross_workspace_input[artifact_workspace]" time="0.001" /><testcase classname="tests.test_trust_evidence" name="test_evidence_contract_refuses_ambiguous_or_cross_workspace_input[consent_kind]" time="0.001" /><testcase classname="tests.test_trust_evidence" name="test_evidence_contract_refuses_ambiguous_or_cross_workspace_input[duplicate_source]" time="0.001" /><testcase classname="tests.test_trust_evidence" name="test_evidence_contract_refuses_ambiguous_or_cross_workspace_input[missing_source]" time="0.001" /><testcase classname="tests.test_trust_evidence" name="test_evidence_contract_refuses_ambiguous_or_cross_workspace_input[self_dependency]" time="0.001" /><testcase classname="tests.test_trust_evidence" name="test_cycles_block_cycle_and_descendants" time="0.001" /><testcase classname="tests.test_trust_evidence" name="test_dependency_cannot_launder_claim_into_another_scope" time="0.001" /><testcase classname="tests.test_trust_evidence" name="test_contradiction_is_scoped_and_revoked_history_is_not_new_evidence[False-False-True]" time="0.001" /><testcase classname="tests.test_trust_evidence" name="test_contradiction_is_scoped_and_revoked_history_is_not_new_evidence[True-False-False]" time="0.001" /><testcase classname="tests.test_trust_evidence" name="test_contradiction_is_scoped_and_revoked_history_is_not_new_evidence[False-True-False]" time="0.001" /><testcase classname="tests.test_trust_evidence" name="test_explicit_conflict_is_symmetric" time="0.001" /><testcase classname="tests.test_trust_evidence" name="test_evidence_labels_require_support[EMPLOYER_STATED-APPLICANT_RECORD-BASIS_UNSUPPORTED]" time="0.001" /><testcase classname="tests.test_trust_evidence" name="test_evidence_labels_require_support[SELF_ATTESTED-EXTERNAL_UNTRUSTED-BASIS_UNSUPPORTED]" time="0.001" /><testcase classname="tests.test_trust_evidence" name="test_evidence_labels_require_support[ADAPTER_VERIFIED-EXTERNAL_UNTRUSTED-VERIFICATION_REFERENCE_MISSING]" time="0.001" /><testcase classname="tests.test_trust_evidence" name="test_evidence_labels_require_support[CORROBORATED-APPLICANT_RECORD-CORROBORATION_INSUFFICIENT]" time="0.001" /><testcase classname="tests.test_trust_evidence" name="test_duplicate_publisher_is_not_corroboration[True]" time="0.001" /><testcase classname="tests.test_trust_evidence" name="test_duplicate_publisher_is_not_corroboration[False]" time="0.001" /><testcase classname="tests.test_trust_evidence" name="test_integrated_changed_evidence_blocks_readiness_and_future_supply_without_writes" time="0.028" /><testcase classname="tests.test_trust_evidence" name="test_material_binding_cannot_silently_reuse_old_packet[missing]" time="0.014" /><testcase classname="tests.test_trust_evidence" name="test_material_binding_cannot_silently_reuse_old_packet[revision]" time="0.014" /><testcase classname="tests.test_trust_evidence" name="test_material_binding_cannot_silently_reuse_old_packet[hash]" time="0.013" /><testcase classname="tests.test_trust_evidence" name="test_material_binding_cannot_silently_reuse_old_packet[packet_hash]" time="0.017" /><testcase classname="tests.test_trust_evidence" name="test_stale_integrated_view_suppresses_decisions_and_research[wrapper_stale]" time="0.013" /><testcase classname="tests.test_trust_evidence" name="test_stale_integrated_view_suppresses_decisions_and_research[wrapper_partial]" time="0.013" /><testcase classname="tests.test_trust_evidence" name="test_stale_integrated_view_suppresses_decisions_and_research[evidence_partial]" time="0.014" /><testcase classname="tests.test_trust_evidence" name="test_stale_integrated_view_suppresses_decisions_and_research[flow_partial]" time="0.015" /><testcase classname="tests.test_trust_evidence" name="test_report_cli_is_useful_and_cannot_overwrite" time="0.037" /><testcase classname="tests.test_trust_evidence" name="test_report_retains_owner_and_never_answers_consent" time="0.021" /><testcase classname="tests.test_trust_transfer" name="test_transfer_rejects_unsafe_or_conflicting_paths[names0]" time="0.023" /><testcase classname="tests.test_trust_transfer" name="test_transfer_rejects_unsafe_or_conflicting_paths[names1]" time="0.033" /><testcase classname="tests.test_trust_transfer" name="test_transfer_rejects_unsafe_or_conflicting_paths[names2]" time="0.004" /><testcase classname="tests.test_trust_transfer" name="test_transfer_rejects_unsafe_or_conflicting_paths[names3]" time="0.011" /><testcase classname="tests.test_trust_transfer" name="test_transfer_rejects_unsafe_or_conflicting_paths[names4]" time="0.004" /><testcase classname="tests.test_trust_transfer" name="test_transfer_rejects_unsafe_or_conflicting_paths[names5]" time="0.010" /><testcase classname="tests.test_trust_transfer" name="test_transfer_rejects_unsafe_or_conflicting_paths[names6]" time="0.008" /><testcase classname="tests.test_trust_transfer" name="test_transfer_rejects_unsafe_or_conflicting_paths[names7]" time="0.010" /><testcase classname="tests.test_trust_transfer" name="test_transfer_rejects_unsafe_or_conflicting_paths[names8]" time="0.010" /><testcase classname="tests.test_trust_transfer" name="test_transfer_rejects_unsafe_or_conflicting_paths[names9]" time="0.002" /><testcase classname="tests.test_trust_transfer" name="test_transfer_rejects_unsafe_or_conflicting_paths[names10]" time="0.002" /><testcase classname="tests.test_trust_transfer" name="test_transfer_rejects_unsafe_or_conflicting_paths[names11]" time="0.002" /><testcase classname="tests.test_trust_transfer" name="test_transfer_rejects_corrupt_payload[truncated]" time="0.002" /><testcase classname="tests.test_trust_transfer" name="test_transfer_rejects_corrupt_payload[digest]" time="0.011" /><testcase classname="tests.test_trust_transfer" name="test_transfer_rejects_corrupt_payload[size]" time="0.008" /><testcase classname="tests.test_trust_transfer" name="test_transfer_rejects_corrupt_payload[count]" time="0.002" /><testcase classname="tests.test_trust_transfer" name="test_transfer_rejects_corrupt_payload[trailing]" time="0.002" /><testcase classname="tests.test_trust_transfer" name="test_transfer_rejects_corrupt_payload[bad_file_hash]" time="0.002" /><testcase classname="tests.test_trust_transfer" name="test_transfer_rejects_corrupt_payload[bad_file_size]" time="0.002" /><testcase classname="tests.test_trust_transfer" name="test_transfer_never_overwrites_destination[directory]" time="0.004" /><testcase classname="tests.test_trust_transfer" name="test_transfer_never_overwrites_destination[file]" time="0.003" /><testcase classname="tests.test_trust_transfer" name="test_transfer_never_overwrites_destination[symlink]" time="0.003" /><testcase classname="tests.test_trust_transfer" name="test_transfer_never_overwrites_destination[broken_symlink]" time="0.012" /><testcase classname="tests.test_trust_transfer" name="test_single_file_contains_everything_and_never_executes_bundled_code" time="0.035" /><testcase classname="tests.test_trust_twin" name="test_capture_and_noop_simulation_are_reproducible_and_immutable" time="0.078" /><testcase classname="tests.test_trust_twin" name="test_scenario_runs_actual_pipeline_rules[CAPACITY_MULTIPLIER-capacity-2-runway_seconds-150.0]" time="0.012" /><testcase classname="tests.test_trust_twin" name="test_scenario_runs_actual_pipeline_rules[VERIFY_MULTIPLIER-synthetic-backlog-2-first_refill_seconds-1500.0]" time="0.021" /><testcase classname="tests.test_trust_twin" name="test_scenario_runs_actual_pipeline_rules[PREPARE_MULTIPLIER-synthetic-backlog-2-first_refill_seconds-1500.0]" time="0.038" /><testcase classname="tests.test_trust_twin" name="test_scenario_runs_actual_pipeline_rules[RELEASE_DELAY_SECONDS-synthetic-backlog-600-first_refill_seconds-1800.0]" time="0.013" /><testcase classname="tests.test_trust_twin" name="test_scenario_runs_actual_pipeline_rules[RATE_HOLD-source-a-True-discovery_minutes-0]" time="0.015" /><testcase classname="tests.test_trust_twin" name="test_scenario_runs_actual_pipeline_rules[INVALIDATE_PACKET-role-1-answers-executable_ready-0]" time="0.014" /><testcase classname="tests.test_trust_twin" name="test_scenario_runs_actual_pipeline_rules[UNKNOWN_ATTEMPT-role-1-True-held_applications-2]" time="0.023" /><testcase classname="tests.test_trust_twin" name="test_scenario_runs_actual_pipeline_rules[OBSERVATION_AGE_SECONDS-snapshot-91-estimate_current-False]" time="0.014" /><testcase classname="tests.test_trust_twin" name="test_scenario_cannot_clear_gates_or_invent_records[FIT_OVERRIDE-role-1-99]" time="0.009" /><testcase classname="tests.test_trust_twin" name="test_scenario_cannot_clear_gates_or_invent_records[CLEAR_CONSENT-role-5-True]" time="0.009" /><testcase classname="tests.test_trust_twin" name="test_scenario_cannot_clear_gates_or_invent_records[RATE_HOLD-source-a-False]" time="0.010" /><testcase classname="tests.test_trust_twin" name="test_scenario_cannot_clear_gates_or_invent_records[CAPACITY_MULTIPLIER-capacity-0]" time="0.009" /><testcase classname="tests.test_trust_twin" name="test_scenario_cannot_clear_gates_or_invent_records[CAPACITY_MULTIPLIER-capacity-5]" time="0.021" /><testcase classname="tests.test_trust_twin" name="test_scenario_cannot_clear_gates_or_invent_records[RELEASE_DELAY_SECONDS-synthetic-backlog--1]" time="0.042" /><testcase classname="tests.test_trust_twin" name="test_scenario_cannot_clear_gates_or_invent_records[UNKNOWN_ATTEMPT-synthetic-backlog:0-True]" time="0.047" /><testcase classname="tests.test_trust_twin" name="test_scenario_cannot_clear_gates_or_invent_records[INVALIDATE_PACKET-missing-answers]" time="0.048" /><testcase classname="tests.test_trust_twin" name="test_scenario_cannot_clear_gates_or_invent_records[INVALIDATE_PACKET-role-1-consent]" time="0.012" /><testcase classname="tests.test_trust_twin" name="test_scenario_cannot_clear_gates_or_invent_records[OBSERVATION_AGE_SECONDS-snapshot--1]" time="0.012" /><testcase classname="tests.test_trust_twin" name="test_scenario_cannot_clear_gates_or_invent_records[PREPARE_MULTIPLIER-missing-2]" time="0.009" /><testcase classname="tests.test_trust_twin" name="test_tampered_or_ambiguous_model_refused[source]" time="0.005" /><testcase classname="tests.test_trust_twin" name="test_tampered_or_ambiguous_model_refused[baseline]" time="0.011" /><testcase classname="tests.test_trust_twin" name="test_tampered_or_ambiguous_model_refused[source_revision]" time="0.009" /><testcase classname="tests.test_trust_twin" name="test_tampered_or_ambiguous_model_refused[version]" time="0.007" /><testcase classname="tests.test_trust_twin" name="test_tampered_or_ambiguous_model_refused[authority]" time="0.010" /><testcase classname="tests.test_trust_twin" name="test_tampered_or_ambiguous_model_refused[sync]" time="0.009" /><testcase classname="tests.test_trust_twin" name="test_tampered_or_ambiguous_model_refused[calibration]" time="0.013" /><testcase classname="tests.test_trust_twin" name="test_tampered_or_ambiguous_model_refused[status]" time="0.009" /><testcase classname="tests.test_trust_twin" name="test_tampered_or_ambiguous_model_refused[scenario_binding]" time="0.008" /><testcase classname="tests.test_trust_twin" name="test_tampered_or_ambiguous_model_refused[duplicate_change]" time="0.009" /><testcase classname="tests.test_trust_twin" name="test_drift_distinguishes_changed_stale_and_unchanged_observations" time="0.042" /><testcase classname="tests.test_trust_twin" name="test_unverified_model_cannot_be_freshened_by_age_scenario" time="0.014" /><testcase classname="tests.test_trust_twin" name="test_scenario_cli_roundtrip" time="0.039" /><testcase classname="tests.test_trust_twin" name="test_operator_budget_respects_dependencies_and_leaves_consent_unanswered" time="0.005" /><testcase classname="tests.test_trust_twin" name="test_full_question_bundle_can_win_over_partial_progress" time="0.006" /><testcase classname="tests.test_trust_twin" name="test_operator_budget_conserves_minutes_and_deduplicates_roles[0]" time="0.017" /><testcase classname="tests.test_trust_twin" name="test_operator_budget_conserves_minutes_and_deduplicates_roles[1]" time="0.005" /><testcase classname="tests.test_trust_twin" name="test_operator_budget_conserves_minutes_and_deduplicates_roles[2]" time="0.005" /><testcase classname="tests.test_trust_twin" name="test_operator_budget_conserves_minutes_and_deduplicates_roles[3]" time="0.006" /><testcase classname="tests.test_trust_twin" name="test_operator_budget_conserves_minutes_and_deduplicates_roles[4]" time="0.005" /><testcase classname="tests.test_trust_twin" name="test_operator_budget_conserves_minutes_and_deduplicates_roles[5]" time="0.007" /><testcase classname="tests.test_trust_twin" name="test_operator_budget_conserves_minutes_and_deduplicates_roles[240]" time="0.007" /><testcase classname="tests.test_trust_twin" name="test_missing_estimates_urgent_overflow_and_stale_data_stay_visible" time="0.006" /><testcase classname="tests.test_trust_twin" name="test_research_only_budgets_permitted_current_decision_checks[permitted-False-NOT_PERMITTED]" time="0.001" /><testcase classname="tests.test_trust_twin" name="test_research_only_budgets_permitted_current_decision_checks[fit_score-74-FIT_BELOW_75]" time="0.001" /><testcase classname="tests.test_trust_twin" name="test_research_only_budgets_permitted_current_decision_checks[affects_decision-False-NO_DECISION_IMPACT]" time="0.001" /><testcase classname="tests.test_trust_twin" name="test_research_only_budgets_permitted_current_decision_checks[probability_of_change-None-ESTIMATE_MISSING]" time="0.001" /><testcase classname="tests.test_trust_twin" name="test_research_only_budgets_permitted_current_decision_checks[estimate_ref-None-ESTIMATE_MISSING]" time="0.001" /><testcase classname="tests.test_trust_twin" name="test_research_only_budgets_permitted_current_decision_checks[observed_at-2026-09-18T11:58:29+00:00-STALE_OBSERVATION]" time="0.001" /><testcase classname="tests.test_trust_twin" name="test_research_only_budgets_permitted_current_decision_checks[decision_value-0-ZERO_ESTIMATED_VALUE]" time="0.001" /><testcase classname="tests.test_trust_twin" name="test_research_deduplicates_uncertainty_and_429_is_global_stop" time="0.001" /><testcase classname="tests.test_trust_twin" name="test_replay_requires_real_cases_and_expected_observations" time="0.005" /><testcase classname="tests.test_trust_twin" name="test_replay_detects_regression_and_bad_fixtures[wrong_value-FAIL]" time="0.005" /><testcase classname="tests.test_trust_twin" name="test_replay_detects_regression_and_bad_fixtures[unknown_metric-ERROR]" time="0.005" /><testcase classname="tests.test_trust_twin" name="test_replay_detects_regression_and_bad_fixtures[invalid_export-ERROR]" time="0.003" /><testcase classname="tests.test_trust_twin" name="test_replay_detects_regression_and_bad_fixtures[bool_as_count-FAIL]" time="0.005" /><testcase classname="tests.test_trust_twin" name="test_candidate_comparison_detects_regression_and_never_authorizes_deployment" time="0.016" /><testcase classname="tests.test_trust_twin" name="test_replay_fails_on_reported_side_effects" time="0.005" /><testcase classname="tests.test_trust_twin" name="test_replay_cli_has_nonzero_status_for_fail_and_empty" time="0.015" /></testsuite></testsuites>